[debug] [2023-03-19T19:31:23.012Z] ----------------------------------------------------------------------
[debug] [2023-03-19T19:31:23.015Z] Command:       C:\Program Files\nodejs\node.exe C:\Users\ronak\AppData\Roaming\npm\node_modules\firebase-tools\lib\bin\firebase.js emulators:start --only functions
[debug] [2023-03-19T19:31:23.015Z] CLI Version:   11.24.1
[debug] [2023-03-19T19:31:23.015Z] Platform:      win32
[debug] [2023-03-19T19:31:23.015Z] Node Version:  v19.4.0
[debug] [2023-03-19T19:31:23.015Z] Time:          Sun Mar 19 2023 12:31:23 GMT-0700 (Pacific Daylight Time)
[debug] [2023-03-19T19:31:23.015Z] ----------------------------------------------------------------------
[debug] 
[debug] [2023-03-19T19:31:23.115Z] > command requires scopes: ["email","openid","https://www.googleapis.com/auth/cloudplatformprojects.readonly","https://www.googleapis.com/auth/firebase","https://www.googleapis.com/auth/cloud-platform"]
[debug] [2023-03-19T19:31:23.116Z] > authorizing via signed-in user (rk.ronakjkothari@gmail.com)
[info] i  emulators: Starting emulators: functions {"metadata":{"emulator":{"name":"hub"},"message":"Starting emulators: functions"}}
[debug] [2023-03-19T19:31:23.122Z] [logging] Logging Emulator only supports listening on one address (127.0.0.1). Not listening on ::1
[debug] [2023-03-19T19:31:23.123Z] assigned listening specs for emulators {"user":{"hub":[{"address":"127.0.0.1","family":"IPv4","port":4400},{"address":"::1","family":"IPv6","port":4400}],"ui":[{"address":"127.0.0.1","family":"IPv4","port":4000},{"address":"::1","family":"IPv6","port":4000}],"logging":[{"address":"127.0.0.1","family":"IPv4","port":4500}]},"metadata":{"message":"assigned listening specs for emulators"}}
[debug] [2023-03-19T19:31:23.130Z] [hub] writing locator at C:\Users\ronak\AppData\Local\Temp\hub-metallurgy-collaborations.json
[debug] [2023-03-19T19:31:23.145Z] [functions] Functions Emulator only supports listening on one address (127.0.0.1). Not listening on ::1
[debug] [2023-03-19T19:31:23.146Z] [eventarc] Eventarc Emulator only supports listening on one address (127.0.0.1). Not listening on ::1
[debug] [2023-03-19T19:31:23.146Z] late-assigned ports for functions and eventarc emulators {"user":{"hub":[{"address":"127.0.0.1","family":"IPv4","port":4400},{"address":"::1","family":"IPv6","port":4400}],"ui":[{"address":"127.0.0.1","family":"IPv4","port":4000},{"address":"::1","family":"IPv6","port":4000}],"logging":[{"address":"127.0.0.1","family":"IPv4","port":4500}],"functions":[{"address":"127.0.0.1","family":"IPv4","port":5001}],"eventarc":[{"address":"127.0.0.1","family":"IPv4","port":9299}]},"metadata":{"message":"late-assigned ports for functions and eventarc emulators"}}
[warn] !  functions: The following emulators are not running, calls to these services from the Functions emulator will affect production: auth, firestore, database, hosting, pubsub, storage {"metadata":{"emulator":{"name":"functions"},"message":"The following emulators are not running, calls to these services from the Functions emulator will affect production: \u001b[1mauth, firestore, database, hosting, pubsub, storage\u001b[22m"}}
[debug] [2023-03-19T19:31:23.152Z] defaultcredentials: writing to file C:\Users\ronak\AppData\Roaming\firebase\rk_ronakjkothari_gmail.com_application_default_credentials.json
[debug] [2023-03-19T19:31:23.167Z] Setting GAC to C:\Users\ronak\AppData\Roaming\firebase\rk_ronakjkothari_gmail.com_application_default_credentials.json {"metadata":{"emulator":{"name":"functions"},"message":"Setting GAC to C:\\Users\\ronak\\AppData\\Roaming\\firebase\\rk_ronakjkothari_gmail.com_application_default_credentials.json"}}
[debug] [2023-03-19T19:31:23.169Z] >>> [apiv2][query] GET https://firebase.googleapis.com/v1beta1/projects/metallurgy-collaborations/adminSdkConfig [none]
[debug] [2023-03-19T19:31:23.500Z] <<< [apiv2][status] GET https://firebase.googleapis.com/v1beta1/projects/metallurgy-collaborations/adminSdkConfig 200
[debug] [2023-03-19T19:31:23.500Z] <<< [apiv2][body] GET https://firebase.googleapis.com/v1beta1/projects/metallurgy-collaborations/adminSdkConfig {"projectId":"metallurgy-collaborations","storageBucket":"metallurgy-collaborations.appspot.com","locationId":"us-central"}
[debug] [2023-03-19T19:31:23.533Z] Ignoring unsupported arg: auto_download {"metadata":{"emulator":{"name":"ui"},"message":"Ignoring unsupported arg: auto_download"}}
[debug] [2023-03-19T19:31:23.533Z] Ignoring unsupported arg: port {"metadata":{"emulator":{"name":"ui"},"message":"Ignoring unsupported arg: port"}}
[debug] [2023-03-19T19:31:23.533Z] Starting Emulator UI with command {"binary":"node","args":["C:\\Users\\ronak\\.cache\\firebase\\emulators\\ui-v1.11.4\\server\\server.js"],"optionalArgs":[],"joinArgs":false} {"metadata":{"emulator":{"name":"ui"},"message":"Starting Emulator UI with command {\"binary\":\"node\",\"args\":[\"C:\\\\Users\\\\ronak\\\\.cache\\\\firebase\\\\emulators\\\\ui-v1.11.4\\\\server\\\\server.js\"],\"optionalArgs\":[],\"joinArgs\":false}"}}
[info] i  ui: Emulator UI logging to ui-debug.log {"metadata":{"emulator":{"name":"ui"},"message":"Emulator UI logging to \u001b[1mui-debug.log\u001b[22m"}}
[debug] [2023-03-19T19:31:23.632Z] Web / API server started at 127.0.0.1:4000
 {"metadata":{"emulator":{"name":"ui"},"message":"Web / API server started at 127.0.0.1:4000\n"}}
[debug] [2023-03-19T19:31:23.633Z] Web / API server started at ::1:4000
 {"metadata":{"emulator":{"name":"ui"},"message":"Web / API server started at ::1:4000\n"}}
[info] i  functions: Watching "C:\Users\ronak\Documents\GitHub\Metallurgy-Collaboration-Backend\functions" for Cloud Functions... {"metadata":{"emulator":{"name":"functions"},"message":"Watching \"C:\\Users\\ronak\\Documents\\GitHub\\Metallurgy-Collaboration-Backend\\functions\" for Cloud Functions..."}}
[debug] [2023-03-19T19:31:23.805Z] Validating nodejs source
[debug] [2023-03-19T19:31:25.034Z] > [functions] package.json contents: {
  "name": "functions",
  "description": "Cloud Functions for Firebase",
  "scripts": {
    "lint": "eslint .",
    "serve": "firebase emulators:start --only functions",
    "shell": "firebase functions:shell",
    "start": "npm run shell",
    "deploy": "firebase deploy --only functions",
    "logs": "firebase functions:log"
  },
  "engines": {
    "node": "16"
  },
  "main": "index.js",
  "dependencies": {
    "cors": "^2.8.5",
    "dotenv": "^16.0.3",
    "express": "^4.18.2",
    "firebase-admin": "^11.5.0",
    "firebase-functions": "^4.2.0",
    "nodemailer": "^6.9.1"
  },
  "devDependencies": {
    "eslint": "^8.15.0",
    "eslint-config-google": "^0.14.0",
    "firebase-functions-test": "^3.0.0"
  },
  "private": true
}
[debug] [2023-03-19T19:31:25.035Z] Building nodejs source
[debug] [2023-03-19T19:31:25.035Z] Failed to find version of module node: reached end of search path C:\Users\ronak\Documents\GitHub\Metallurgy-Collaboration-Backend\functions\node_modules
[warn] !  functions: Your requested "node" version "16" doesn't match your global version "19". Using node@19 from host. 
[info] i  functions: Loaded environment variables from .env. 
[debug] [2023-03-19T19:31:25.039Z] Could not find functions.yaml. Must use http discovery
[debug] [2023-03-19T19:31:25.045Z] Found firebase-functions binary at 'C:\Users\ronak\Documents\GitHub\Metallurgy-Collaboration-Backend\functions\node_modules\.bin\firebase-functions'
[debug] [2023-03-19T19:31:25.248Z] Serving at port 8364

[debug] [2023-03-19T19:31:25.485Z] Got response from /__/functions.yaml {"endpoints":{"app":{"platform":"gcfv1","availableMemoryMb":null,"timeoutSeconds":null,"minInstances":null,"maxInstances":null,"ingressSettings":null,"serviceAccountEmail":null,"vpc":null,"httpsTrigger":{},"entryPoint":"app"}},"specVersion":"v1alpha1","requiredAPIs":[]}
[debug] [2023-03-19T19:31:25.491Z] shutdown requested via /__/quitquitquit

[info] +  functions: Loaded functions definitions from source: app. {"metadata":{"emulator":{"name":"functions"},"message":"Loaded functions definitions from source: app."}}
[info] +  functions[us-central1-app]: http function initialized (http://127.0.0.1:5001/metallurgy-collaborations/us-central1/app). {"metadata":{"emulator":{"name":"functions"},"message":"\u001b[1mhttp\u001b[22m function initialized (http://127.0.0.1:5001/metallurgy-collaborations/us-central1/app)."}}
[info] 
┌─────────────────────────────────────────────────────────────┐
│ ✔  All emulators ready! It is now safe to connect your app. │
│ i  View Emulator UI at http://127.0.0.1:4000/               │
└─────────────────────────────────────────────────────────────┘

┌───────────┬────────────────┬─────────────────────────────────┐
│ Emulator  │ Host:Port      │ View in Emulator UI             │
├───────────┼────────────────┼─────────────────────────────────┤
│ Functions │ 127.0.0.1:5001 │ http://127.0.0.1:4000/functions │
└───────────┴────────────────┴─────────────────────────────────┘
  Emulator Hub running at 127.0.0.1:4400
  Other reserved ports: 4500

Issues? Report them at https://github.com/firebase/firebase-tools/issues and attach the *-debug.log files.
 
[debug] [2023-03-19T19:31:32.181Z] [work-queue] {"queuedWork":["/metallurgy-collaborations/us-central1/app-2023-03-19T19:31:32.181Z"],"queueLength":1,"runningWork":[],"workRunningCount":0}
[debug] [2023-03-19T19:31:32.182Z] [work-queue] {"queuedWork":[],"queueLength":0,"runningWork":["/metallurgy-collaborations/us-central1/app-2023-03-19T19:31:32.181Z"],"workRunningCount":1}
[debug] [2023-03-19T19:31:32.182Z] Accepted request GET /metallurgy-collaborations/us-central1/app --> us-central1-app
[debug] [2023-03-19T19:31:32.191Z] [functions] Runtime ready! Sending request! {"metadata":{"emulator":{"name":"functions"},"message":"[functions] Runtime ready! Sending request!"}}
[debug] [2023-03-19T19:31:32.192Z] [functions] Got req.url=/metallurgy-collaborations/us-central1/app, mapping to path=/ {"metadata":{"emulator":{"name":"functions"},"message":"[functions] Got req.url=/metallurgy-collaborations/us-central1/app, mapping to path=/"}}
[info] i  functions: Loaded environment variables from .env. 
[debug] [2023-03-19T19:31:32.205Z] [worker-pool] addWorker(us-central1-app) {"metadata":{"emulator":{"name":"functions"},"message":"[worker-pool] addWorker(us-central1-app)"}}
[debug] [2023-03-19T19:31:32.206Z] [worker-pool] Adding worker with key us-central1-app, total=1 {"metadata":{"emulator":{"name":"functions"},"message":"[worker-pool] Adding worker with key us-central1-app, total=1"}}
[debug] [2023-03-19T19:31:33.399Z] [runtime-status] [21340] Resolved module firebase-admin {"declared":true,"installed":true,"version":"11.5.0","resolution":"C:\\Users\\ronak\\Documents\\GitHub\\Metallurgy-Collaboration-Backend\\functions\\node_modules\\firebase-admin\\lib\\index.js"} {"metadata":{"emulator":{"name":"functions"},"function":{"name":"us-central1-app"},"extension":{},"message":"[runtime-status] [21340] Resolved module firebase-admin {\"declared\":true,\"installed\":true,\"version\":\"11.5.0\",\"resolution\":\"C:\\\\Users\\\\ronak\\\\Documents\\\\GitHub\\\\Metallurgy-Collaboration-Backend\\\\functions\\\\node_modules\\\\firebase-admin\\\\lib\\\\index.js\"}"}}
[debug] [2023-03-19T19:31:33.400Z] [runtime-status] [21340] Resolved module firebase-functions {"declared":true,"installed":true,"version":"4.2.1","resolution":"C:\\Users\\ronak\\Documents\\GitHub\\Metallurgy-Collaboration-Backend\\functions\\node_modules\\firebase-functions\\lib\\v1\\index.js"} {"metadata":{"emulator":{"name":"functions"},"function":{"name":"us-central1-app"},"extension":{},"message":"[runtime-status] [21340] Resolved module firebase-functions {\"declared\":true,\"installed\":true,\"version\":\"4.2.1\",\"resolution\":\"C:\\\\Users\\\\ronak\\\\Documents\\\\GitHub\\\\Metallurgy-Collaboration-Backend\\\\functions\\\\node_modules\\\\firebase-functions\\\\lib\\\\v1\\\\index.js\"}"}}
[debug] [2023-03-19T19:31:33.401Z] [runtime-status] [21340] Outgoing network have been stubbed. [{"name":"http","status":"mocked"},{"name":"http","status":"mocked"},{"name":"https","status":"mocked"},{"name":"https","status":"mocked"},{"name":"net","status":"mocked"}] {"metadata":{"emulator":{"name":"functions"},"function":{"name":"us-central1-app"},"extension":{},"message":"[runtime-status] [21340] Outgoing network have been stubbed. [{\"name\":\"http\",\"status\":\"mocked\"},{\"name\":\"http\",\"status\":\"mocked\"},{\"name\":\"https\",\"status\":\"mocked\"},{\"name\":\"https\",\"status\":\"mocked\"},{\"name\":\"net\",\"status\":\"mocked\"}]"}}
[debug] [2023-03-19T19:31:33.401Z] [runtime-status] [21340] Resolved module firebase-functions {"declared":true,"installed":true,"version":"4.2.1","resolution":"C:\\Users\\ronak\\Documents\\GitHub\\Metallurgy-Collaboration-Backend\\functions\\node_modules\\firebase-functions\\lib\\v1\\index.js"} {"metadata":{"emulator":{"name":"functions"},"function":{"name":"us-central1-app"},"extension":{},"message":"[runtime-status] [21340] Resolved module firebase-functions {\"declared\":true,\"installed\":true,\"version\":\"4.2.1\",\"resolution\":\"C:\\\\Users\\\\ronak\\\\Documents\\\\GitHub\\\\Metallurgy-Collaboration-Backend\\\\functions\\\\node_modules\\\\firebase-functions\\\\lib\\\\v1\\\\index.js\"}"}}
[debug] [2023-03-19T19:31:33.624Z] [runtime-status] [21340] Checked functions.config() {"config":{}} {"metadata":{"emulator":{"name":"functions"},"function":{"name":"us-central1-app"},"extension":{},"message":"[runtime-status] [21340] Checked functions.config() {\"config\":{}}"}}
[debug] [2023-03-19T19:31:33.625Z] [runtime-status] [21340] firebase-functions has been stubbed. {"functionsResolution":{"declared":true,"installed":true,"version":"4.2.1","resolution":"C:\\Users\\ronak\\Documents\\GitHub\\Metallurgy-Collaboration-Backend\\functions\\node_modules\\firebase-functions\\lib\\v1\\index.js"}} {"metadata":{"emulator":{"name":"functions"},"function":{"name":"us-central1-app"},"extension":{},"message":"[runtime-status] [21340] firebase-functions has been stubbed. {\"functionsResolution\":{\"declared\":true,\"installed\":true,\"version\":\"4.2.1\",\"resolution\":\"C:\\\\Users\\\\ronak\\\\Documents\\\\GitHub\\\\Metallurgy-Collaboration-Backend\\\\functions\\\\node_modules\\\\firebase-functions\\\\lib\\\\v1\\\\index.js\"}}"}}
[debug] [2023-03-19T19:31:33.625Z] [runtime-status] [21340] Resolved module firebase-functions {"declared":true,"installed":true,"version":"4.2.1","resolution":"C:\\Users\\ronak\\Documents\\GitHub\\Metallurgy-Collaboration-Backend\\functions\\node_modules\\firebase-functions\\lib\\v1\\index.js"} {"metadata":{"emulator":{"name":"functions"},"function":{"name":"us-central1-app"},"extension":{},"message":"[runtime-status] [21340] Resolved module firebase-functions {\"declared\":true,\"installed\":true,\"version\":\"4.2.1\",\"resolution\":\"C:\\\\Users\\\\ronak\\\\Documents\\\\GitHub\\\\Metallurgy-Collaboration-Backend\\\\functions\\\\node_modules\\\\firebase-functions\\\\lib\\\\v1\\\\index.js\"}"}}
[debug] [2023-03-19T19:31:33.629Z] [runtime-status] [21340] Resolved module firebase-admin {"declared":true,"installed":true,"version":"11.5.0","resolution":"C:\\Users\\ronak\\Documents\\GitHub\\Metallurgy-Collaboration-Backend\\functions\\node_modules\\firebase-admin\\lib\\index.js"} {"metadata":{"emulator":{"name":"functions"},"function":{"name":"us-central1-app"},"extension":{},"message":"[runtime-status] [21340] Resolved module firebase-admin {\"declared\":true,\"installed\":true,\"version\":\"11.5.0\",\"resolution\":\"C:\\\\Users\\\\ronak\\\\Documents\\\\GitHub\\\\Metallurgy-Collaboration-Backend\\\\functions\\\\node_modules\\\\firebase-admin\\\\lib\\\\index.js\"}"}}
[debug] [2023-03-19T19:31:33.632Z] [runtime-status] [21340] Resolved module firebase-functions {"declared":true,"installed":true,"version":"4.2.1","resolution":"C:\\Users\\ronak\\Documents\\GitHub\\Metallurgy-Collaboration-Backend\\functions\\node_modules\\firebase-functions\\lib\\v1\\index.js"} {"metadata":{"emulator":{"name":"functions"},"function":{"name":"us-central1-app"},"extension":{},"message":"[runtime-status] [21340] Resolved module firebase-functions {\"declared\":true,\"installed\":true,\"version\":\"4.2.1\",\"resolution\":\"C:\\\\Users\\\\ronak\\\\Documents\\\\GitHub\\\\Metallurgy-Collaboration-Backend\\\\functions\\\\node_modules\\\\firebase-functions\\\\lib\\\\v1\\\\index.js\"}"}}
[debug] [2023-03-19T19:31:33.632Z] [runtime-status] [21340] firebase-admin has been stubbed. {"adminResolution":{"declared":true,"installed":true,"version":"11.5.0","resolution":"C:\\Users\\ronak\\Documents\\GitHub\\Metallurgy-Collaboration-Backend\\functions\\node_modules\\firebase-admin\\lib\\index.js"}} {"metadata":{"emulator":{"name":"functions"},"function":{"name":"us-central1-app"},"extension":{},"message":"[runtime-status] [21340] firebase-admin has been stubbed. {\"adminResolution\":{\"declared\":true,\"installed\":true,\"version\":\"11.5.0\",\"resolution\":\"C:\\\\Users\\\\ronak\\\\Documents\\\\GitHub\\\\Metallurgy-Collaboration-Backend\\\\functions\\\\node_modules\\\\firebase-admin\\\\lib\\\\index.js\"}}"}}
[debug] [2023-03-19T19:31:33.744Z] [runtime-status] [21340] Functions runtime initialized. {"cwd":"C:\\Users\\ronak\\Documents\\GitHub\\Metallurgy-Collaboration-Backend\\functions","node_version":"19.4.0"} {"metadata":{"emulator":{"name":"functions"},"function":{"name":"us-central1-app"},"extension":{},"message":"[runtime-status] [21340] Functions runtime initialized. {\"cwd\":\"C:\\\\Users\\\\ronak\\\\Documents\\\\GitHub\\\\Metallurgy-Collaboration-Backend\\\\functions\",\"node_version\":\"19.4.0\"}"}}
[debug] [2023-03-19T19:31:33.744Z] [runtime-status] [21340] Listening to port: \\?\pipe\fire_emu_570a91ee5acc0139 {"metadata":{"emulator":{"name":"functions"},"function":{"name":"us-central1-app"},"extension":{},"message":"[runtime-status] [21340] Listening to port: \\\\?\\pipe\\fire_emu_570a91ee5acc0139"}}
[debug] [2023-03-19T19:31:33.840Z] [worker-us-central1-app-d07ff1a7-cdee-4edb-867c-22a1571ebec7]: IDLE {"metadata":{"emulator":{"name":"functions"},"function":{"name":"us-central1-app"},"extension":{},"message":"[worker-us-central1-app-d07ff1a7-cdee-4edb-867c-22a1571ebec7]: IDLE"}}
[debug] [2023-03-19T19:31:33.841Z] [worker-pool] submitRequest(triggerId=us-central1-app) {"metadata":{"emulator":{"name":"functions"},"message":"[worker-pool] submitRequest(triggerId=us-central1-app)"}}
[info] i  functions: Beginning execution of "us-central1-app" {"metadata":{"emulator":{"name":"functions"},"function":{"name":"us-central1-app"},"extension":{},"message":"Beginning execution of \"us-central1-app\""}}
[debug] [2023-03-19T19:31:33.842Z] [worker-us-central1-app-d07ff1a7-cdee-4edb-867c-22a1571ebec7]: BUSY {"metadata":{"emulator":{"name":"functions"},"function":{"name":"us-central1-app"},"extension":{},"message":"[worker-us-central1-app-d07ff1a7-cdee-4edb-867c-22a1571ebec7]: BUSY"}}
[debug] [2023-03-19T19:32:03.693Z] [work-queue] {"queuedWork":["/metallurgy-collaborations/us-central1/app-2023-03-19T19:32:03.693Z"],"queueLength":1,"runningWork":["/metallurgy-collaborations/us-central1/app-2023-03-19T19:31:32.181Z"],"workRunningCount":1}
[debug] [2023-03-19T19:32:03.693Z] [work-queue] {"queuedWork":[],"queueLength":0,"runningWork":["/metallurgy-collaborations/us-central1/app-2023-03-19T19:31:32.181Z","/metallurgy-collaborations/us-central1/app-2023-03-19T19:32:03.693Z"],"workRunningCount":2}
[debug] [2023-03-19T19:32:03.693Z] Accepted request OPTIONS /metallurgy-collaborations/us-central1/app --> us-central1-app
[debug] [2023-03-19T19:32:03.697Z] [functions] Runtime ready! Sending request! {"metadata":{"emulator":{"name":"functions"},"message":"[functions] Runtime ready! Sending request!"}}
[debug] [2023-03-19T19:32:03.697Z] [functions] Got req.url=/metallurgy-collaborations/us-central1/app, mapping to path=/ {"metadata":{"emulator":{"name":"functions"},"message":"[functions] Got req.url=/metallurgy-collaborations/us-central1/app, mapping to path=/"}}
[info] i  functions: Loaded environment variables from .env. 
[debug] [2023-03-19T19:32:03.704Z] [worker-pool] addWorker(us-central1-app) {"metadata":{"emulator":{"name":"functions"},"message":"[worker-pool] addWorker(us-central1-app)"}}
[debug] [2023-03-19T19:32:03.705Z] [worker-pool] Adding worker with key us-central1-app, total=2 {"metadata":{"emulator":{"name":"functions"},"message":"[worker-pool] Adding worker with key us-central1-app, total=2"}}
[debug] [2023-03-19T19:32:04.551Z] [runtime-status] [14772] Resolved module firebase-admin {"declared":true,"installed":true,"version":"11.5.0","resolution":"C:\\Users\\ronak\\Documents\\GitHub\\Metallurgy-Collaboration-Backend\\functions\\node_modules\\firebase-admin\\lib\\index.js"} {"metadata":{"emulator":{"name":"functions"},"function":{"name":"us-central1-app"},"extension":{},"message":"[runtime-status] [14772] Resolved module firebase-admin {\"declared\":true,\"installed\":true,\"version\":\"11.5.0\",\"resolution\":\"C:\\\\Users\\\\ronak\\\\Documents\\\\GitHub\\\\Metallurgy-Collaboration-Backend\\\\functions\\\\node_modules\\\\firebase-admin\\\\lib\\\\index.js\"}"}}
[debug] [2023-03-19T19:32:04.552Z] [runtime-status] [14772] Resolved module firebase-functions {"declared":true,"installed":true,"version":"4.2.1","resolution":"C:\\Users\\ronak\\Documents\\GitHub\\Metallurgy-Collaboration-Backend\\functions\\node_modules\\firebase-functions\\lib\\v1\\index.js"} {"metadata":{"emulator":{"name":"functions"},"function":{"name":"us-central1-app"},"extension":{},"message":"[runtime-status] [14772] Resolved module firebase-functions {\"declared\":true,\"installed\":true,\"version\":\"4.2.1\",\"resolution\":\"C:\\\\Users\\\\ronak\\\\Documents\\\\GitHub\\\\Metallurgy-Collaboration-Backend\\\\functions\\\\node_modules\\\\firebase-functions\\\\lib\\\\v1\\\\index.js\"}"}}
[debug] [2023-03-19T19:32:04.552Z] [runtime-status] [14772] Outgoing network have been stubbed. [{"name":"http","status":"mocked"},{"name":"http","status":"mocked"},{"name":"https","status":"mocked"},{"name":"https","status":"mocked"},{"name":"net","status":"mocked"}] {"metadata":{"emulator":{"name":"functions"},"function":{"name":"us-central1-app"},"extension":{},"message":"[runtime-status] [14772] Outgoing network have been stubbed. [{\"name\":\"http\",\"status\":\"mocked\"},{\"name\":\"http\",\"status\":\"mocked\"},{\"name\":\"https\",\"status\":\"mocked\"},{\"name\":\"https\",\"status\":\"mocked\"},{\"name\":\"net\",\"status\":\"mocked\"}]"}}
[debug] [2023-03-19T19:32:04.553Z] [runtime-status] [14772] Resolved module firebase-functions {"declared":true,"installed":true,"version":"4.2.1","resolution":"C:\\Users\\ronak\\Documents\\GitHub\\Metallurgy-Collaboration-Backend\\functions\\node_modules\\firebase-functions\\lib\\v1\\index.js"} {"metadata":{"emulator":{"name":"functions"},"function":{"name":"us-central1-app"},"extension":{},"message":"[runtime-status] [14772] Resolved module firebase-functions {\"declared\":true,\"installed\":true,\"version\":\"4.2.1\",\"resolution\":\"C:\\\\Users\\\\ronak\\\\Documents\\\\GitHub\\\\Metallurgy-Collaboration-Backend\\\\functions\\\\node_modules\\\\firebase-functions\\\\lib\\\\v1\\\\index.js\"}"}}
[debug] [2023-03-19T19:32:04.712Z] [runtime-status] [14772] Checked functions.config() {"config":{}} {"metadata":{"emulator":{"name":"functions"},"function":{"name":"us-central1-app"},"extension":{},"message":"[runtime-status] [14772] Checked functions.config() {\"config\":{}}"}}
[debug] [2023-03-19T19:32:04.713Z] [runtime-status] [14772] firebase-functions has been stubbed. {"functionsResolution":{"declared":true,"installed":true,"version":"4.2.1","resolution":"C:\\Users\\ronak\\Documents\\GitHub\\Metallurgy-Collaboration-Backend\\functions\\node_modules\\firebase-functions\\lib\\v1\\index.js"}} {"metadata":{"emulator":{"name":"functions"},"function":{"name":"us-central1-app"},"extension":{},"message":"[runtime-status] [14772] firebase-functions has been stubbed. {\"functionsResolution\":{\"declared\":true,\"installed\":true,\"version\":\"4.2.1\",\"resolution\":\"C:\\\\Users\\\\ronak\\\\Documents\\\\GitHub\\\\Metallurgy-Collaboration-Backend\\\\functions\\\\node_modules\\\\firebase-functions\\\\lib\\\\v1\\\\index.js\"}}"}}
[debug] [2023-03-19T19:32:04.713Z] [runtime-status] [14772] Resolved module firebase-functions {"declared":true,"installed":true,"version":"4.2.1","resolution":"C:\\Users\\ronak\\Documents\\GitHub\\Metallurgy-Collaboration-Backend\\functions\\node_modules\\firebase-functions\\lib\\v1\\index.js"} {"metadata":{"emulator":{"name":"functions"},"function":{"name":"us-central1-app"},"extension":{},"message":"[runtime-status] [14772] Resolved module firebase-functions {\"declared\":true,\"installed\":true,\"version\":\"4.2.1\",\"resolution\":\"C:\\\\Users\\\\ronak\\\\Documents\\\\GitHub\\\\Metallurgy-Collaboration-Backend\\\\functions\\\\node_modules\\\\firebase-functions\\\\lib\\\\v1\\\\index.js\"}"}}
[debug] [2023-03-19T19:32:04.714Z] [runtime-status] [14772] Resolved module firebase-admin {"declared":true,"installed":true,"version":"11.5.0","resolution":"C:\\Users\\ronak\\Documents\\GitHub\\Metallurgy-Collaboration-Backend\\functions\\node_modules\\firebase-admin\\lib\\index.js"} {"metadata":{"emulator":{"name":"functions"},"function":{"name":"us-central1-app"},"extension":{},"message":"[runtime-status] [14772] Resolved module firebase-admin {\"declared\":true,\"installed\":true,\"version\":\"11.5.0\",\"resolution\":\"C:\\\\Users\\\\ronak\\\\Documents\\\\GitHub\\\\Metallurgy-Collaboration-Backend\\\\functions\\\\node_modules\\\\firebase-admin\\\\lib\\\\index.js\"}"}}
[debug] [2023-03-19T19:32:04.716Z] [runtime-status] [14772] Resolved module firebase-functions {"declared":true,"installed":true,"version":"4.2.1","resolution":"C:\\Users\\ronak\\Documents\\GitHub\\Metallurgy-Collaboration-Backend\\functions\\node_modules\\firebase-functions\\lib\\v1\\index.js"} {"metadata":{"emulator":{"name":"functions"},"function":{"name":"us-central1-app"},"extension":{},"message":"[runtime-status] [14772] Resolved module firebase-functions {\"declared\":true,\"installed\":true,\"version\":\"4.2.1\",\"resolution\":\"C:\\\\Users\\\\ronak\\\\Documents\\\\GitHub\\\\Metallurgy-Collaboration-Backend\\\\functions\\\\node_modules\\\\firebase-functions\\\\lib\\\\v1\\\\index.js\"}"}}
[debug] [2023-03-19T19:32:04.716Z] [runtime-status] [14772] firebase-admin has been stubbed. {"adminResolution":{"declared":true,"installed":true,"version":"11.5.0","resolution":"C:\\Users\\ronak\\Documents\\GitHub\\Metallurgy-Collaboration-Backend\\functions\\node_modules\\firebase-admin\\lib\\index.js"}} {"metadata":{"emulator":{"name":"functions"},"function":{"name":"us-central1-app"},"extension":{},"message":"[runtime-status] [14772] firebase-admin has been stubbed. {\"adminResolution\":{\"declared\":true,\"installed\":true,\"version\":\"11.5.0\",\"resolution\":\"C:\\\\Users\\\\ronak\\\\Documents\\\\GitHub\\\\Metallurgy-Collaboration-Backend\\\\functions\\\\node_modules\\\\firebase-admin\\\\lib\\\\index.js\"}}"}}
[debug] [2023-03-19T19:32:04.821Z] [runtime-status] [14772] Functions runtime initialized. {"cwd":"C:\\Users\\ronak\\Documents\\GitHub\\Metallurgy-Collaboration-Backend\\functions","node_version":"19.4.0"} {"metadata":{"emulator":{"name":"functions"},"function":{"name":"us-central1-app"},"extension":{},"message":"[runtime-status] [14772] Functions runtime initialized. {\"cwd\":\"C:\\\\Users\\\\ronak\\\\Documents\\\\GitHub\\\\Metallurgy-Collaboration-Backend\\\\functions\",\"node_version\":\"19.4.0\"}"}}
[debug] [2023-03-19T19:32:04.821Z] [runtime-status] [14772] Listening to port: \\?\pipe\fire_emu_257624b208365175 {"metadata":{"emulator":{"name":"functions"},"function":{"name":"us-central1-app"},"extension":{},"message":"[runtime-status] [14772] Listening to port: \\\\?\\pipe\\fire_emu_257624b208365175"}}
[debug] [2023-03-19T19:32:04.914Z] [worker-us-central1-app-6643f1f6-8038-4f4d-a235-2f80bd75cdff]: IDLE {"metadata":{"emulator":{"name":"functions"},"function":{"name":"us-central1-app"},"extension":{},"message":"[worker-us-central1-app-6643f1f6-8038-4f4d-a235-2f80bd75cdff]: IDLE"}}
[debug] [2023-03-19T19:32:04.915Z] [worker-pool] submitRequest(triggerId=us-central1-app) {"metadata":{"emulator":{"name":"functions"},"message":"[worker-pool] submitRequest(triggerId=us-central1-app)"}}
[info] i  functions: Beginning execution of "us-central1-app" {"metadata":{"emulator":{"name":"functions"},"function":{"name":"us-central1-app"},"extension":{},"message":"Beginning execution of \"us-central1-app\""}}
[debug] [2023-03-19T19:32:04.915Z] [worker-us-central1-app-6643f1f6-8038-4f4d-a235-2f80bd75cdff]: BUSY {"metadata":{"emulator":{"name":"functions"},"function":{"name":"us-central1-app"},"extension":{},"message":"[worker-us-central1-app-6643f1f6-8038-4f4d-a235-2f80bd75cdff]: BUSY"}}
[info] i  functions: Finished "us-central1-app" in 4.1373ms {"metadata":{"emulator":{"name":"functions"},"function":{"name":"us-central1-app"},"extension":{},"message":"Finished \"us-central1-app\" in 4.1373ms"}}
[debug] [2023-03-19T19:32:04.920Z] [worker-us-central1-app-6643f1f6-8038-4f4d-a235-2f80bd75cdff]: IDLE {"metadata":{"emulator":{"name":"functions"},"function":{"name":"us-central1-app"},"extension":{},"message":"[worker-us-central1-app-6643f1f6-8038-4f4d-a235-2f80bd75cdff]: IDLE"}}
[debug] [2023-03-19T19:32:04.920Z] [work-queue] {"queuedWork":[],"queueLength":0,"runningWork":["/metallurgy-collaborations/us-central1/app-2023-03-19T19:31:32.181Z"],"workRunningCount":1}
[debug] [2023-03-19T19:32:04.921Z] [work-queue] {"queuedWork":["/metallurgy-collaborations/us-central1/app-2023-03-19T19:32:04.921Z"],"queueLength":1,"runningWork":["/metallurgy-collaborations/us-central1/app-2023-03-19T19:31:32.181Z"],"workRunningCount":1}
[debug] [2023-03-19T19:32:04.921Z] [work-queue] {"queuedWork":[],"queueLength":0,"runningWork":["/metallurgy-collaborations/us-central1/app-2023-03-19T19:31:32.181Z","/metallurgy-collaborations/us-central1/app-2023-03-19T19:32:04.921Z"],"workRunningCount":2}
[debug] [2023-03-19T19:32:04.921Z] Accepted request POST /metallurgy-collaborations/us-central1/app --> us-central1-app
[debug] [2023-03-19T19:32:04.925Z] [functions] Runtime ready! Sending request! {"metadata":{"emulator":{"name":"functions"},"message":"[functions] Runtime ready! Sending request!"}}
[debug] [2023-03-19T19:32:04.925Z] [functions] Got req.url=/metallurgy-collaborations/us-central1/app, mapping to path=/ {"metadata":{"emulator":{"name":"functions"},"message":"[functions] Got req.url=/metallurgy-collaborations/us-central1/app, mapping to path=/"}}
[debug] [2023-03-19T19:32:04.925Z] [worker-pool] submitRequest(triggerId=us-central1-app) {"metadata":{"emulator":{"name":"functions"},"message":"[worker-pool] submitRequest(triggerId=us-central1-app)"}}
[info] i  functions: Beginning execution of "us-central1-app" {"metadata":{"emulator":{"name":"functions"},"function":{"name":"us-central1-app"},"extension":{},"message":"Beginning execution of \"us-central1-app\""}}
[debug] [2023-03-19T19:32:04.926Z] [worker-us-central1-app-6643f1f6-8038-4f4d-a235-2f80bd75cdff]: BUSY {"metadata":{"emulator":{"name":"functions"},"function":{"name":"us-central1-app"},"extension":{},"message":"[worker-us-central1-app-6643f1f6-8038-4f4d-a235-2f80bd75cdff]: BUSY"}}
[info] i  functions: Finished "us-central1-app" in 1377.7317ms {"metadata":{"emulator":{"name":"functions"},"function":{"name":"us-central1-app"},"extension":{},"message":"Finished \"us-central1-app\" in 1377.7317ms"}}
[debug] [2023-03-19T19:32:06.304Z] [worker-us-central1-app-6643f1f6-8038-4f4d-a235-2f80bd75cdff]: IDLE {"metadata":{"emulator":{"name":"functions"},"function":{"name":"us-central1-app"},"extension":{},"message":"[worker-us-central1-app-6643f1f6-8038-4f4d-a235-2f80bd75cdff]: IDLE"}}
[debug] [2023-03-19T19:32:06.304Z] [work-queue] {"queuedWork":[],"queueLength":0,"runningWork":["/metallurgy-collaborations/us-central1/app-2023-03-19T19:31:32.181Z"],"workRunningCount":1}
